1656392110277	geckodriver	INFO	Listening on 127.0.0.1:51779
1656392113421	mozrunner::runner	INFO	Running command: "C:\\Program Files\\Mozilla Firefox\\firefox.exe" "--marionette" "--remote-debugging-port" "51780" "--remote-allow-hosts" "localhost" "-no-remote" "-profile" "C:\\Users\\kadeniji\\AppData\\Local\\Temp\\rust_mozprofilexk53PN"
1656392115927	Marionette	INFO	Marionette enabled
WebDriver BiDi listening on ws://localhost:51780
console.warn: SearchSettings: "get: No settings file exists, new profile?" (new NotFoundError("Could not open the file at C:\\Users\\kadeniji\\AppData\\Local\\Temp\\rust_mozprofilexk53PN\\search.json.mozlz4", (void 0)))
1656392123702	Marionette	INFO	Listening on port 51814
Read port: 51814
1656392123874	RemoteAgent	WARN	TLS certificate errors will be ignored for this session
DevTools listening on ws://localhost:51780/devtools/browser/d86d3cd8-4099-4c50-a04d-bf7ed28258bb
JavaScript error: https://media.ethicalads.io/media/client/v1.4.0/ethicalads.min.js, line 1: Error: No ad placements found.
JavaScript error: resource:///actors/FormValidationChild.jsm, line 184: TypeError: this._element is null
console.warn: LoginRecipes: "getRecipes: falling back to a synchronous message for:" "https://www.python.org"
1656392130454	Marionette	INFO	Stopped listening on port 51814
JavaScript error: resource://devtools/client/jsonview/Sniffer.jsm, line 53: NS_ERROR_NOT_AVAILABLE: Component returned failure code: 0x80040111 (NS_ERROR_NOT_AVAILABLE) [nsIChannel.contentType]
1656473487148	geckodriver	INFO	Listening on 127.0.0.1:60651
1656473490331	mozrunner::runner	INFO	Running command: "C:\\Program Files\\Mozilla Firefox\\firefox.exe" "--marionette" "--remote-debugging-port" "60652" "--remote-allow-hosts" "localhost" "-no-remote" "-profile" "C:\\Users\\kadeniji\\AppData\\Local\\Temp\\rust_mozprofile49OGNv"
1656473492982	Marionette	INFO	Marionette enabled
WebDriver BiDi listening on ws://localhost:60652
console.warn: SearchSettings: "get: No settings file exists, new profile?" (new NotFoundError("Could not open the file at C:\\Users\\kadeniji\\AppData\\Local\\Temp\\rust_mozprofile49OGNv\\search.json.mozlz4", (void 0)))
1656473502197	Marionette	INFO	Listening on port 60693
Read port: 60693
1656473502481	RemoteAgent	WARN	TLS certificate errors will be ignored for this session
DevTools listening on ws://localhost:60652/devtools/browser/667813bd-2d02-4500-8001-93eaea6e0da1
1656473721175	Marionette	INFO	Stopped listening on port 60693
console.warn: TopSitesFeed: Failed to fetch data from Contile server: NetworkError when attempting to fetch resource.
remote-debugging-port" "60712" "--remote-allow-hosts" "localhost" "-no-remote" "-profile" "C:\\Users\\kadeniji\\AppData\\Local\\Temp\\rust_mozprofileOlaLKQ"
1656473580496	Marionette	INFO	Marionette enabled
WebDriver BiDi listening on ws://localhost:60712
console.warn: SearchSettings: "get: No settings file exists, new profile?" (new NotFoundError("Could not open the file at C:\\Users\\kadeniji\\AppData\\Local\\Temp\\rust_mozprofileOlaLKQ\\search.json.mozlz4", (void 0)))
1656473584890	Marionette	INFO	Listening on port 60731
DevTools listening on ws://localhost:60712/devtools/browser/bebdb870-d13a-4852-af07-73fc9028bce3
Read port: 60731
1656473585370	RemoteAgent	WARN	TLS certificate errors will be ignored for this session
JavaScript error: https://media.ethicalads.io/media/client/v1.4.0/ethicalads.min.js, line 1: Error: No ad placements found.
JavaScript error: resource:///actors/FormValidationChild.jsm, line 184: TypeError: this._element is null
console.warn: LoginRecipes: "getRecipes: falling back to a synchronous message for:" "https://www.python.org"
1656473591440	Marionette	INFO	Stopped listening on port 60731
JavaScript error: resource://gre/modules/UrlClassifierListManager.jsm, line 694: TypeError: this.tablesData[table] is undefined

###!!! [Child][PContentChild] Error: RunMessage(msgname=PContent::Reply_GetModulesTrust) Channel closing: too late to send/recv, messages will be lost

1656478001472	geckodriver	INFO	Listening on 127.0.0.1:61381
1656478004494	mozrunner::runner	INFO	Running command: "C:\\Program Files\\Mozilla Firefox\\firefox.exe" "--marionette" "--remote-debugging-port" "61382" "--remote-allow-hosts" "localhost" "-no-remote" "-profile" "C:\\Users\\kadeniji\\AppData\\Local\\Temp\\rust_mozprofileiTpldD"
1656478005231	Marionette	INFO	Marionette enabled
WebDriver BiDi listening on ws://localhost:61382
console.warn: SearchSettings: "get: No settings file exists, new profile?" (new NotFoundError("Could not open the file at C:\\Users\\kadeniji\\AppData\\Local\\Temp\\rust_mozprofileiTpldD\\search.json.mozlz4", (void 0)))
1656478009206	Marionette	INFO	Listening on port 61402
DevTools listening on ws://localhost:61382/devtools/browser/faedb9e3-faa4-49f6-9bde-91581e61f3a3
Read port: 61402
1656478009744	RemoteAgent	WARN	TLS certificate errors will be ignored for this session
1656478098259	Marionette	INFO	Stopped listening on port 61402
console.warn: TopSitesFeed: Failed to fetch data from Contile server: NetworkError when attempting to fetch resource.
1656478394719	geckodriver	INFO	Listening on 127.0.0.1:61468
1656478498598	geckodriver	INFO	Listening on 127.0.0.1:61478
1656478501648	mozrunner::runner	INFO	Running command: "C:\\Program Files\\Mozilla Firefox\\firefox.exe" "--marionette" "--remote-debugging-port" "61479" "--remote-allow-hosts" "localhost" "-no-remote" "-profile" "C:\\Users\\kadeniji\\AppData\\Local\\Temp\\rust_mozprofiledyl5vW"
1656478502467	Marionette	INFO	Marionette enabled
WebDriver BiDi listening on ws://localhost:61479
console.warn: SearchSettings: "get: No settings file exists, new profile?" (new NotFoundError("Could not open the file at C:\\Users\\kadeniji\\AppData\\Local\\Temp\\rust_mozprofiledyl5vW\\search.json.mozlz4", (void 0)))
1656478507268	Marionette	INFO	Listening on port 61501
Read port: 61501
1656478507362	RemoteAgent	WARN	TLS certificate errors will be ignored for this session
DevTools listening on ws://localhost:61479/devtools/browser/abfb7e7c-8371-40a2-bbde-0481a328e9b0
1656478929215	Marionette	INFO	Stopped listening on port 61501
console.warn: TopSitesFeed: Failed to fetch data from Contile server: NetworkError when attempting to fetch resource.
remote-debugging-port" "61534" "--remote-allow-hosts" "localhost" "-no-remote" "-profile" "C:\\Users\\kadeniji\\AppData\\Local\\Temp\\rust_mozprofileI02kd4"
1656478528122	Marionette	INFO	Marionette enabled
WebDriver BiDi listening on ws://localhost:61534
console.warn: SearchSettings: "get: No settings file exists, new profile?" (new NotFoundError("Could not open the file at C:\\Users\\kadeniji\\AppData\\Local\\Temp\\rust_mozprofileI02kd4\\search.json.mozlz4", (void 0)))
1656478532423	Marionette	INFO	Listening on port 61556
DevTools listening on ws://localhost:61534/devtools/browser/f1cb09f3-79f9-4656-93da-b2c1ef5d5c0f
Read port: 61556
1656478532625	RemoteAgent	WARN	TLS certificate errors will be ignored for this session
1656478934335	Marionette	INFO	Stopped listening on port 61556
console.warn: TopSitesFeed: Failed to fetch data from Contile server: NetworkError when attempting to fetch resource.
remote-debugging-port" "61597" "--remote-allow-hosts" "localhost" "-no-remote" "-profile" "C:\\Users\\kadeniji\\AppData\\Local\\Temp\\rust_mozprofilejVWDSB"
1656478667634	Marionette	INFO	Marionette enabled
WebDriver BiDi listening on ws://localhost:61597
console.warn: SearchSettings: "get: No settings file exists, new profile?" (new NotFoundError("Could not open the file at C:\\Users\\kadeniji\\AppData\\Local\\Temp\\rust_mozprofilejVWDSB\\search.json.mozlz4", (void 0)))
1656478671877	Marionette	INFO	Listening on port 61618
DevTools listening on ws://localhost:61597/devtools/browser/f52fcd45-4303-484f-92f1-5205f0267b22
Read port: 61618
1656478672270	RemoteAgent	WARN	TLS certificate errors will be ignored for this session
1656478939125	Marionette	INFO	Stopped listening on port 61618
console.warn: TopSitesFeed: Failed to fetch data from Contile server: NetworkError when attempting to fetch resource.
remote-debugging-port" "61665" "--remote-allow-hosts" "localhost" "-no-remote" "-profile" "C:\\Users\\kadeniji\\AppData\\Local\\Temp\\rust_mozprofileAxf1Q5"
1656478765711	Marionette	INFO	Marionette enabled
WebDriver BiDi listening on ws://localhost:61665
console.warn: SearchSettings: "get: No settings file exists, new profile?" (new NotFoundError("Could not open the file at C:\\Users\\kadeniji\\AppData\\Local\\Temp\\rust_mozprofileAxf1Q5\\search.json.mozlz4", (void 0)))
1656478769847	Marionette	INFO	Listening on port 61684
DevTools listening on ws://localhost:61665/devtools/browser/a816b23b-b523-41c4-9699-51787ec3fe5e
Read port: 61684
1656478769981	RemoteAgent	WARN	TLS certificate errors will be ignored for this session
1656478784400	Marionette	INFO	Stopped listening on port 61684
console.warn: TopSitesFeed: Failed to fetch data from Contile server: NetworkError when attempting to fetch resource.
1656478803994	geckodriver	INFO	Listening on 127.0.0.1:61718
1656478807019	mozrunner::runner	INFO	Running command: "C:\\Program Files\\Mozilla Firefox\\firefox.exe" "--marionette" "--remote-debugging-port" "61719" "--remote-allow-hosts" "localhost" "-no-remote" "-profile" "C:\\Users\\kadeniji\\AppData\\Local\\Temp\\rust_mozprofilel3sH8P"
1656478807768	Marionette	INFO	Marionette enabled
WebDriver BiDi listening on ws://localhost:61719
console.warn: SearchSettings: "get: No settings file exists, new profile?" (new NotFoundError("Could not open the file at C:\\Users\\kadeniji\\AppData\\Local\\Temp\\rust_mozprofilel3sH8P\\search.json.mozlz4", (void 0)))
1656478812174	Marionette	INFO	Listening on port 61739
DevTools listening on ws://localhost:61719/devtools/browser/763fa6dd-7a29-4bda-b02b-7bbad5fbcd6c
Read port: 61739
1656478812731	RemoteAgent	WARN	TLS certificate errors will be ignored for this session
1656478836591	Marionette	INFO	Stopped listening on port 61739
console.warn: TopSitesFeed: Failed to fetch data from Contile server: NetworkError when attempting to fetch resource.
