08, 24, 2020 (14:15:41): Starting Pre-Save actions

08, 24, 2020 (14:15:41): Starting Dialogs Check/Save
08, 24, 2020 (14:15:41): Finished Dialogs Check/Save
08, 24, 2020 (14:15:41): Starting Controlled Files Resolution
08, 24, 2020 (14:15:41): Finished Controlled Files Resolution
08, 24, 2020 (14:15:41): Finished Pre-Save actions

08, 24, 2020 (14:15:41): Creating E:\WordEngineering\IIS\WordEngineering\IBM\Rhapsody\WordEngineering.rpy
08, 24, 2020 (14:15:41): 
Started writing E:\WordEngineering\IIS\WordEngineering\IBM\Rhapsody\WordEngineering.rpy on Monday, August 24, 2020 (14:15:41)

08, 24, 2020 (14:15:41): version 8.5.2
08, 24, 2020 (14:15:41): 
Started writing E:\WordEngineering\IIS\WordEngineering\IBM\Rhapsody\WordEngineering_rpy\filesTable.dat on Monday, August 24, 2020 (14:15:41)

08, 24, 2020 (14:15:41): Finished writing E:\WordEngineering\IIS\WordEngineering\IBM\Rhapsody\WordEngineering_rpy\filesTable.dat on Monday, August 24, 2020 (14:15:41)

08, 24, 2020 (14:15:41): Creating E:\WordEngineering\IIS\WordEngineering\IBM\Rhapsody\WordEngineering_rpy\Default.sbs
08, 24, 2020 (14:15:41): 
Started writing E:\WordEngineering\IIS\WordEngineering\IBM\Rhapsody\WordEngineering_rpy\Default.sbs on Monday, August 24, 2020 (14:15:41)

08, 24, 2020 (14:15:41): version 8.5.2
08, 24, 2020 (14:15:41): Finished writing E:\WordEngineering\IIS\WordEngineering\IBM\Rhapsody\WordEngineering_rpy\Default.sbs on Monday, August 24, 2020 (14:15:41)

08, 24, 2020 (14:15:41): Finished writing E:\WordEngineering\IIS\WordEngineering\IBM\Rhapsody\WordEngineering.rpy on Monday, August 24, 2020 (14:15:41)

08, 24, 2020 (14:15:41): End Log
