08, 24, 2020 (14:24:02): Opening rpy file E:\Program Files (x86)\IBM\Rational\Rhapsody Modeler\7.5\Share\Properties\PredefinedTypes.sbs
08, 24, 2020 (14:24:02): 
 Started loading E:\Program Files (x86)\IBM\Rational\Rhapsody Modeler\7.5\Share\Properties\PredefinedTypes.sbs on Monday, August 24, 2020 (14:24:02).-

08, 24, 2020 (14:24:02): 

Starting inUnit resolution phase


08, 24, 2020 (14:24:02): 

Finished inUnit resolution phase


08, 24, 2020 (14:24:02): 
 Finished loading E:\Program Files (x86)\IBM\Rational\Rhapsody Modeler\7.5\Share\Properties\PredefinedTypes.sbs on Monday, August 24, 2020 (14:24:02).-

08, 24, 2020 (14:24:02): Opening rpy file E:\Program Files (x86)\IBM\Rational\Rhapsody Modeler\7.5\Share\Properties\PredefinedTypesC++.sbs
08, 24, 2020 (14:24:02): 
 Started loading E:\Program Files (x86)\IBM\Rational\Rhapsody Modeler\7.5\Share\Properties\PredefinedTypesC++.sbs on Monday, August 24, 2020 (14:24:02).-

08, 24, 2020 (14:24:02): 

Starting inUnit resolution phase


08, 24, 2020 (14:24:02): 

Finished inUnit resolution phase


08, 24, 2020 (14:24:02): 
 Finished loading E:\Program Files (x86)\IBM\Rational\Rhapsody Modeler\7.5\Share\Properties\PredefinedTypesC++.sbs on Monday, August 24, 2020 (14:24:02).-

08, 24, 2020 (14:24:02): Opening rpy file E:\WordEngineering\IIS\WordEngineering\IBM\Rhapsody\WordEngineering.rpy
08, 24, 2020 (14:24:02): 
 Started loading E:\WordEngineering\IIS\WordEngineering\IBM\Rhapsody\WordEngineering.rpy on Monday, August 24, 2020 (14:24:02).-

08, 24, 2020 (14:24:02): Opening rpy file E:\WordEngineering\IIS\WordEngineering\IBM\Rhapsody\WordEngineering_rpy\Default.sbs
08, 24, 2020 (14:24:02): 
 Started loading E:\WordEngineering\IIS\WordEngineering\IBM\Rhapsody\WordEngineering_rpy\Default.sbs on Monday, August 24, 2020 (14:24:02).-

08, 24, 2020 (14:24:02): 

Starting inUnit resolution phase


08, 24, 2020 (14:24:02): 

Finished inUnit resolution phase


08, 24, 2020 (14:24:02): 
 Finished loading E:\WordEngineering\IIS\WordEngineering\IBM\Rhapsody\WordEngineering_rpy\Default.sbs on Monday, August 24, 2020 (14:24:02).-

08, 24, 2020 (14:24:02): Opening rpy file E:\WordEngineering\IIS\WordEngineering\IBM\Rhapsody\WordEngineering_rpy\DefaultComponent.cmp
08, 24, 2020 (14:24:02): 
 Started loading E:\WordEngineering\IIS\WordEngineering\IBM\Rhapsody\WordEngineering_rpy\DefaultComponent.cmp on Monday, August 24, 2020 (14:24:02).-

08, 24, 2020 (14:24:02): 

Starting inUnit resolution phase


08, 24, 2020 (14:24:02): 

Finished inUnit resolution phase


08, 24, 2020 (14:24:02): 
 Finished loading E:\WordEngineering\IIS\WordEngineering\IBM\Rhapsody\WordEngineering_rpy\DefaultComponent.cmp on Monday, August 24, 2020 (14:24:02).-

08, 24, 2020 (14:24:02): 

Starting inUnit resolution phase


08, 24, 2020 (14:24:02): 

Finished inUnit resolution phase


08, 24, 2020 (14:24:02): 

Starting inUnit resolution phase


08, 24, 2020 (14:24:02): 

Finished inUnit resolution phase


08, 24, 2020 (14:24:02): 

Starting inUnit resolution phase


08, 24, 2020 (14:24:02): 

Finished inUnit resolution phase


08, 24, 2020 (14:24:02): 
 Finished loading E:\WordEngineering\IIS\WordEngineering\IBM\Rhapsody\WordEngineering.rpy on Monday, August 24, 2020 (14:24:02).-

08, 24, 2020 (14:24:02): Starting checks of EventsBaseID conflicts
08, 24, 2020 (14:24:02): Finished checks of EventsBaseID conflicts
08, 24, 2020 (14:24:02): End Log
