08, 24, 2020 (13:51:54): Starting Pre-Save actions

08, 24, 2020 (13:51:54): Starting Dialogs Check/Save
08, 24, 2020 (13:51:54): Finished Dialogs Check/Save
08, 24, 2020 (13:51:54): Starting Controlled Files Resolution
08, 24, 2020 (13:51:54): Finished Controlled Files Resolution
08, 24, 2020 (13:51:54): Finished Pre-Save actions

08, 24, 2020 (13:51:54): Creating E:\WordEngineering\IIS\WordEngineering\IBM\Rhapsody\WordEngineering.rpy
08, 24, 2020 (13:51:54): 
Started writing E:\WordEngineering\IIS\WordEngineering\IBM\Rhapsody\WordEngineering.rpy on Monday, August 24, 2020 (13:51:54)

08, 24, 2020 (13:51:54): version 8.5.2
08, 24, 2020 (13:51:54): 
Started writing E:\WordEngineering\IIS\WordEngineering\IBM\Rhapsody\WordEngineering_rpy\filesTable.dat on Monday, August 24, 2020 (13:51:54)

08, 24, 2020 (13:51:54): Finished writing E:\WordEngineering\IIS\WordEngineering\IBM\Rhapsody\WordEngineering_rpy\filesTable.dat on Monday, August 24, 2020 (13:51:54)

08, 24, 2020 (13:51:54): Creating E:\WordEngineering\IIS\WordEngineering\IBM\Rhapsody\WordEngineering_rpy\Default.sbs
08, 24, 2020 (13:51:54): 
Started writing E:\WordEngineering\IIS\WordEngineering\IBM\Rhapsody\WordEngineering_rpy\Default.sbs on Monday, August 24, 2020 (13:51:54)

08, 24, 2020 (13:51:54): version 8.5.2
08, 24, 2020 (13:51:54): Finished writing E:\WordEngineering\IIS\WordEngineering\IBM\Rhapsody\WordEngineering_rpy\Default.sbs on Monday, August 24, 2020 (13:51:54)

08, 24, 2020 (13:51:54): Finished writing E:\WordEngineering\IIS\WordEngineering\IBM\Rhapsody\WordEngineering.rpy on Monday, August 24, 2020 (13:51:54)

08, 24, 2020 (13:51:54): End Log
